Determining if the pthread_create exist failed with the following output:
Change Dir: /home/baksteen/Project/grimwall/cmake-build-debug/CMakeFiles/CMakeTmp

Run Build Command:"/usr/bin/make" "cmTC_eb43a/fast"
/usr/bin/make -f CMakeFiles/cmTC_eb43a.dir/build.make CMakeFiles/cmTC_eb43a.dir/build
make[1]: Entering directory '/home/baksteen/Project/grimwall/cmake-build-debug/CMakeFiles/CMakeTmp'
Building C object CMakeFiles/cmTC_eb43a.dir/CheckSymbolExists.c.o
/usr/bin/cc     -o CMakeFiles/cmTC_eb43a.dir/CheckSymbolExists.c.o   -c /home/baksteen/Project/grimwall/cmake-build-debug/CMakeFiles/CMakeTmp/CheckSymbolExists.c
Linking C executable cmTC_eb43a
/home/baksteen/Downloads/clion-2016.2.3/bin/cmake/bin/cmake -E cmake_link_script CMakeFiles/cmTC_eb43a.dir/link.txt --verbose=1
/usr/bin/cc       CMakeFiles/cmTC_eb43a.dir/CheckSymbolExists.c.o  -o cmTC_eb43a -rdynamic 
CMakeFiles/cmTC_eb43a.dir/CheckSymbolExists.c.o: In function `main':
CheckSymbolExists.c:(.text+0x1b): undefined reference to `pthread_create'
collect2: error: ld returned 1 exit status
CMakeFiles/cmTC_eb43a.dir/build.make:97: recipe for target 'cmTC_eb43a' failed
make[1]: *** [cmTC_eb43a] Error 1
make[1]: Leaving directory '/home/baksteen/Project/grimwall/cmake-build-debug/CMakeFiles/CMakeTmp'
Makefile:126: recipe for target 'cmTC_eb43a/fast' failed
make: *** [cmTC_eb43a/fast] Error 2

File /home/baksteen/Project/grimwall/cmake-build-debug/CMakeFiles/CMakeTmp/CheckSymbolExists.c:
/* */
#include <pthread.h>

int main(int argc, char** argv)
{
  (void)argv;
#ifndef pthread_create
  return ((int*)(&pthread_create))[argc];
#else
  (void)argc;
  return 0;
#endif
}

Determining if the function pthread_create exists in the pthreads failed with the following output:
Change Dir: /home/baksteen/Project/grimwall/cmake-build-debug/CMakeFiles/CMakeTmp

Run Build Command:"/usr/bin/make" "cmTC_22dc3/fast"
/usr/bin/make -f CMakeFiles/cmTC_22dc3.dir/build.make CMakeFiles/cmTC_22dc3.dir/build
make[1]: Entering directory '/home/baksteen/Project/grimwall/cmake-build-debug/CMakeFiles/CMakeTmp'
Building C object CMakeFiles/cmTC_22dc3.dir/CheckFunctionExists.c.o
/usr/bin/cc    -DCHECK_FUNCTION_EXISTS=pthread_create   -o CMakeFiles/cmTC_22dc3.dir/CheckFunctionExists.c.o   -c /home/baksteen/Downloads/clion-2016.2.3/bin/cmake/share/cmake-3.6/Modules/CheckFunctionExists.c
Linking C executable cmTC_22dc3
/home/baksteen/Downloads/clion-2016.2.3/bin/cmake/bin/cmake -E cmake_link_script CMakeFiles/cmTC_22dc3.dir/link.txt --verbose=1
/usr/bin/cc   -DCHECK_FUNCTION_EXISTS=pthread_create    CMakeFiles/cmTC_22dc3.dir/CheckFunctionExists.c.o  -o cmTC_22dc3 -rdynamic -lpthreads 
/usr/bin/ld: cannot find -lpthreads
collect2: error: ld returned 1 exit status
CMakeFiles/cmTC_22dc3.dir/build.make:97: recipe for target 'cmTC_22dc3' failed
make[1]: *** [cmTC_22dc3] Error 1
make[1]: Leaving directory '/home/baksteen/Project/grimwall/cmake-build-debug/CMakeFiles/CMakeTmp'
Makefile:126: recipe for target 'cmTC_22dc3/fast' failed
make: *** [cmTC_22dc3/fast] Error 2


